\BOOKMARK [1][-]{Doc-Start}{List of tables}{}% 1
\BOOKMARK [1][-]{Doc-Start}{List of figures}{}% 2
\BOOKMARK [1][-]{Doc-Start}{Listings}{}% 3
\BOOKMARK [1][-]{section*.1}{Introduction}{}% 4
\BOOKMARK [1][-]{section.1}{Description and Analysis of the Domain}{}% 5
\BOOKMARK [2][-]{subsection.1.1}{The purpose and objectives of the project}{section.1}% 6
\BOOKMARK [2][-]{subsection.1.2}{Analysis of this field}{section.1}% 7
\BOOKMARK [3][-]{subsubsection.1.2.1}{Planning}{subsection.1.2}% 8
\BOOKMARK [2][-]{subsection.1.3}{Project Analysis}{section.1}% 9
\BOOKMARK [3][-]{subsubsection.1.3.1}{Drupal}{subsection.1.3}% 10
\BOOKMARK [3][-]{subsubsection.1.3.2}{mGov}{subsection.1.3}% 11
\BOOKMARK [2][-]{subsection.1.4}{Comparing with other systems}{section.1}% 12
\BOOKMARK [3][-]{subsubsection.1.4.1}{Similarities and differences}{subsection.1.4}% 13
\BOOKMARK [1][-]{section.2}{Designing the System}{}% 14
\BOOKMARK [2][-]{subsection.2.1}{Themes}{section.2}% 15
\BOOKMARK [3][-]{subsubsection.2.1.1}{The Bootstrap Process}{subsection.2.1}% 16
\BOOKMARK [3][-]{subsubsection.2.1.2}{Initialize Configuration}{subsection.2.1}% 17
\BOOKMARK [3][-]{subsubsection.2.1.3}{Early Page Cache}{subsection.2.1}% 18
\BOOKMARK [3][-]{subsubsection.2.1.4}{Initialize Database}{subsection.2.1}% 19
\BOOKMARK [3][-]{subsubsection.2.1.5}{Hostname/IP-Based Access Control}{subsection.2.1}% 20
\BOOKMARK [3][-]{subsubsection.2.1.6}{Initialize Session Handling}{subsection.2.1}% 21
\BOOKMARK [3][-]{subsubsection.2.1.7}{Late Page Cache}{subsection.2.1}% 22
\BOOKMARK [3][-]{subsubsection.2.1.8}{Language Determination}{subsection.2.1}% 23
\BOOKMARK [3][-]{subsubsection.2.1.9}{Path}{subsection.2.1}% 24
\BOOKMARK [3][-]{subsubsection.2.1.10}{Full}{subsection.2.1}% 25
\BOOKMARK [3][-]{subsubsection.2.1.11}{Processing a Request}{subsection.2.1}% 26
\BOOKMARK [3][-]{subsubsection.2.1.12}{Theming the Data}{subsection.2.1}% 27
\BOOKMARK [2][-]{subsection.2.2}{User Permissions - Use Case Model}{section.2}% 28
\BOOKMARK [2][-]{subsection.2.3}{Blocks}{section.2}% 29
\BOOKMARK [2][-]{subsection.2.4}{Modules - Sequence Model}{section.2}% 30
\BOOKMARK [2][-]{subsection.2.5}{Nodes}{section.2}% 31
\BOOKMARK [3][-]{subsubsection.2.5.1}{State Machine Model}{subsection.2.5}% 32
\BOOKMARK [3][-]{subsubsection.2.5.2}{Class Model}{subsection.2.5}% 33
\BOOKMARK [1][-]{section.3}{Implementation, development methodologies}{}% 34
\BOOKMARK [2][-]{subsection.3.1}{Meeting Drupal}{section.3}% 35
\BOOKMARK [3][-]{subsubsection.3.1.1}{How Drupal works?}{subsection.3.1}% 36
\BOOKMARK [3][-]{subsubsection.3.1.2}{Nodes}{subsection.3.1}% 37
\BOOKMARK [3][-]{subsubsection.3.1.3}{The Core}{subsection.3.1}% 38
\BOOKMARK [3][-]{subsubsection.3.1.4}{Fast and Flexible}{subsection.3.1}% 39
\BOOKMARK [3][-]{subsubsection.3.1.5}{How it flows}{subsection.3.1}% 40
\BOOKMARK [2][-]{subsection.3.2}{Distribution}{section.3}% 41
\BOOKMARK [3][-]{subsubsection.3.2.1}{What is a distribution?}{subsection.3.2}% 42
\BOOKMARK [3][-]{subsubsection.3.2.2}{Distributions and installation profiles}{subsection.3.2}% 43
\BOOKMARK [3][-]{subsubsection.3.2.3}{When we need distributions?}{subsection.3.2}% 44
\BOOKMARK [3][-]{subsubsection.3.2.4}{Creating Drupal Installation Profile}{subsection.3.2}% 45
\BOOKMARK [2][-]{subsection.3.3}{Custom Modules}{section.3}% 46
\BOOKMARK [3][-]{subsubsection.3.3.1}{Object Oriented Programming}{subsection.3.3}% 47
\BOOKMARK [3][-]{subsubsection.3.3.2}{Symfony 2}{subsection.3.3}% 48
\BOOKMARK [1][-]{section.4}{Business Plan}{}% 49
\BOOKMARK [2][-]{subsection.4.1}{Schedule}{section.4}% 50
\BOOKMARK [3][-]{subsubsection.4.1.1}{Objectives}{subsection.4.1}% 51
\BOOKMARK [3][-]{subsubsection.4.1.2}{SWOT Analysis}{subsection.4.1}% 52
\BOOKMARK [3][-]{subsubsection.4.1.3}{The time meant for the accomplishment of the project and the schedule}{subsection.4.1}% 53
\BOOKMARK [2][-]{subsection.4.2}{Economical Proofs}{section.4}% 54
\BOOKMARK [3][-]{subsubsection.4.2.1}{Material and non-material expenses}{subsection.4.2}% 55
\BOOKMARK [3][-]{subsubsection.4.2.2}{Salary expenses}{subsection.4.2}% 56
\BOOKMARK [3][-]{subsubsection.4.2.3}{Indirect expenses}{subsection.4.2}% 57
\BOOKMARK [3][-]{subsubsection.4.2.4}{Wear calculation}{subsection.4.2}% 58
\BOOKMARK [2][-]{subsection.4.3}{Project Cost}{section.4}% 59
\BOOKMARK [2][-]{subsection.4.4}{Financial results}{section.4}% 60
\BOOKMARK [2][-]{subsection.4.5}{Conclusion}{section.4}% 61
\BOOKMARK [1][-]{section*.17}{Conclusions}{}% 62
\BOOKMARK [1][-]{section*.18}{References}{}% 63
